state 0 //

    0 $accept: . program

    '('      shift, and goto state 17
    '\''     shift, and goto state 12
    BOOLEAN  shift, and goto state 14
    IDENT    shift, and goto state 13
    NUMBER   shift, and goto state 15
    STRING   shift, and goto state 16

    bool             goto state 9
    command          goto state 3
    commands         goto state 2
    expr             goto state 4
    identifier       goto state 7
    number           goto state 10
    proc_call        goto state 8
    program          goto state 1
    quotation        goto state 5
    self_evaluating  goto state 6
    string           goto state 11

state 1 // BOOLEAN [$end]

    0 $accept: program .  [$end]

    $end  accept

state 2 // BOOLEAN [$end]

    1 program: commands .  [$end]

    $end  reduce using rule 1 (program)

state 3 // BOOLEAN [$end]

    2 commands: command .  [$end]
    3 commands: command . commands

    $end     reduce using rule 2 (commands)
    '('      shift, and goto state 17
    '\''     shift, and goto state 12
    BOOLEAN  shift, and goto state 14
    IDENT    shift, and goto state 13
    NUMBER   shift, and goto state 15
    STRING   shift, and goto state 16

    bool             goto state 9
    command          goto state 3
    commands         goto state 40
    expr             goto state 4
    identifier       goto state 7
    number           goto state 10
    proc_call        goto state 8
    quotation        goto state 5
    self_evaluating  goto state 6
    string           goto state 11

state 4 // BOOLEAN [$end]

    4 command: expr .  [$end, '(', '\'', BOOLEAN, IDENT, NUMBER, STRING]

    $end     reduce using rule 4 (command)
    '('      reduce using rule 4 (command)
    '\''     reduce using rule 4 (command)
    BOOLEAN  reduce using rule 4 (command)
    IDENT    reduce using rule 4 (command)
    NUMBER   reduce using rule 4 (command)
    STRING   reduce using rule 4 (command)

state 5 // '\'' BOOLEAN [$end]

    5 expr: quotation .  [$end, '(', ')', '\'', BOOLEAN, IDENT, NUMBER, STRING]

    $end     reduce using rule 5 (expr)
    '('      reduce using rule 5 (expr)
    ')'      reduce using rule 5 (expr)
    '\''     reduce using rule 5 (expr)
    BOOLEAN  reduce using rule 5 (expr)
    IDENT    reduce using rule 5 (expr)
    NUMBER   reduce using rule 5 (expr)
    STRING   reduce using rule 5 (expr)

state 6 // BOOLEAN [$end]

    6 expr: self_evaluating .  [$end, '(', ')', '\'', BOOLEAN, IDENT, NUMBER, STRING]

    $end     reduce using rule 6 (expr)
    '('      reduce using rule 6 (expr)
    ')'      reduce using rule 6 (expr)
    '\''     reduce using rule 6 (expr)
    BOOLEAN  reduce using rule 6 (expr)
    IDENT    reduce using rule 6 (expr)
    NUMBER   reduce using rule 6 (expr)
    STRING   reduce using rule 6 (expr)

state 7 // IDENT [$end]

    7 expr: identifier .  [$end, '(', ')', '\'', BOOLEAN, IDENT, NUMBER, STRING]

    $end     reduce using rule 7 (expr)
    '('      reduce using rule 7 (expr)
    ')'      reduce using rule 7 (expr)
    '\''     reduce using rule 7 (expr)
    BOOLEAN  reduce using rule 7 (expr)
    IDENT    reduce using rule 7 (expr)
    NUMBER   reduce using rule 7 (expr)
    STRING   reduce using rule 7 (expr)

state 8 // '(' BOOLEAN ')' [$end]

    8 expr: proc_call .  [$end, '(', ')', '\'', BOOLEAN, IDENT, NUMBER, STRING]

    $end     reduce using rule 8 (expr)
    '('      reduce using rule 8 (expr)
    ')'      reduce using rule 8 (expr)
    '\''     reduce using rule 8 (expr)
    BOOLEAN  reduce using rule 8 (expr)
    IDENT    reduce using rule 8 (expr)
    NUMBER   reduce using rule 8 (expr)
    STRING   reduce using rule 8 (expr)

state 9 // BOOLEAN [$end]

    9 self_evaluating: bool .  [$end, '(', ')', '\'', BOOLEAN, IDENT, NUMBER, STRING]

    $end     reduce using rule 9 (self_evaluating)
    '('      reduce using rule 9 (self_evaluating)
    ')'      reduce using rule 9 (self_evaluating)
    '\''     reduce using rule 9 (self_evaluating)
    BOOLEAN  reduce using rule 9 (self_evaluating)
    IDENT    reduce using rule 9 (self_evaluating)
    NUMBER   reduce using rule 9 (self_evaluating)
    STRING   reduce using rule 9 (self_evaluating)

state 10 // NUMBER [$end]

   10 self_evaluating: number .  [$end, '(', ')', '\'', BOOLEAN, IDENT, NUMBER, STRING]

    $end     reduce using rule 10 (self_evaluating)
    '('      reduce using rule 10 (self_evaluating)
    ')'      reduce using rule 10 (self_evaluating)
    '\''     reduce using rule 10 (self_evaluating)
    BOOLEAN  reduce using rule 10 (self_evaluating)
    IDENT    reduce using rule 10 (self_evaluating)
    NUMBER   reduce using rule 10 (self_evaluating)
    STRING   reduce using rule 10 (self_evaluating)

state 11 // STRING [$end]

   11 self_evaluating: string .  [$end, '(', ')', '\'', BOOLEAN, IDENT, NUMBER, STRING]

    $end     reduce using rule 11 (self_evaluating)
    '('      reduce using rule 11 (self_evaluating)
    ')'      reduce using rule 11 (self_evaluating)
    '\''     reduce using rule 11 (self_evaluating)
    BOOLEAN  reduce using rule 11 (self_evaluating)
    IDENT    reduce using rule 11 (self_evaluating)
    NUMBER   reduce using rule 11 (self_evaluating)
    STRING   reduce using rule 11 (self_evaluating)

state 12 // '\''

   12 quotation: '\'' . datum

    '('      shift, and goto state 30
    BOOLEAN  shift, and goto state 14
    IDENT    shift, and goto state 13
    NUMBER   shift, and goto state 15

    bool            goto state 27
    compound_datum  goto state 26
    datum           goto state 24
    identifier      goto state 31
    number          goto state 28
    simple_datum    goto state 25
    symbol          goto state 29

state 13 // IDENT

   24 identifier: IDENT .  [$end, '(', ')', '.', '\'', BOOLEAN, IDENT, NUMBER, STRING]

    $end     reduce using rule 24 (identifier)
    '('      reduce using rule 24 (identifier)
    ')'      reduce using rule 24 (identifier)
    '.'      reduce using rule 24 (identifier)
    '\''     reduce using rule 24 (identifier)
    BOOLEAN  reduce using rule 24 (identifier)
    IDENT    reduce using rule 24 (identifier)
    NUMBER   reduce using rule 24 (identifier)
    STRING   reduce using rule 24 (identifier)

state 14 // BOOLEAN

   25 bool: BOOLEAN .  [$end, '(', ')', '.', '\'', BOOLEAN, IDENT, NUMBER, STRING]

    $end     reduce using rule 25 (bool)
    '('      reduce using rule 25 (bool)
    ')'      reduce using rule 25 (bool)
    '.'      reduce using rule 25 (bool)
    '\''     reduce using rule 25 (bool)
    BOOLEAN  reduce using rule 25 (bool)
    IDENT    reduce using rule 25 (bool)
    NUMBER   reduce using rule 25 (bool)
    STRING   reduce using rule 25 (bool)

state 15 // NUMBER

   26 number: NUMBER .  [$end, '(', ')', '.', '\'', BOOLEAN, IDENT, NUMBER, STRING]

    $end     reduce using rule 26 (number)
    '('      reduce using rule 26 (number)
    ')'      reduce using rule 26 (number)
    '.'      reduce using rule 26 (number)
    '\''     reduce using rule 26 (number)
    BOOLEAN  reduce using rule 26 (number)
    IDENT    reduce using rule 26 (number)
    NUMBER   reduce using rule 26 (number)
    STRING   reduce using rule 26 (number)

state 16 // STRING

   27 string: STRING .  [$end, '(', ')', '\'', BOOLEAN, IDENT, NUMBER, STRING]

    $end     reduce using rule 27 (string)
    '('      reduce using rule 27 (string)
    ')'      reduce using rule 27 (string)
    '\''     reduce using rule 27 (string)
    BOOLEAN  reduce using rule 27 (string)
    IDENT    reduce using rule 27 (string)
    NUMBER   reduce using rule 27 (string)
    STRING   reduce using rule 27 (string)

state 17 // '('

   28 proc_call: '(' . expr ')'
   29 proc_call: '(' . expr operands ')'

    '('      shift, and goto state 17
    '\''     shift, and goto state 12
    BOOLEAN  shift, and goto state 14
    IDENT    shift, and goto state 13
    NUMBER   shift, and goto state 15
    STRING   shift, and goto state 16

    bool             goto state 9
    expr             goto state 18
    identifier       goto state 7
    number           goto state 10
    proc_call        goto state 8
    quotation        goto state 5
    self_evaluating  goto state 6
    string           goto state 11

state 18 // '(' BOOLEAN ['(']

   28 proc_call: '(' expr . ')'
   29 proc_call: '(' expr . operands ')'

    '('      shift, and goto state 17
    ')'      shift, and goto state 19
    '\''     shift, and goto state 12
    BOOLEAN  shift, and goto state 14
    IDENT    shift, and goto state 13
    NUMBER   shift, and goto state 15
    STRING   shift, and goto state 16

    bool             goto state 9
    expr             goto state 21
    identifier       goto state 7
    number           goto state 10
    operands         goto state 20
    proc_call        goto state 8
    quotation        goto state 5
    self_evaluating  goto state 6
    string           goto state 11

state 19 // '(' BOOLEAN ')'

   28 proc_call: '(' expr ')' .  [$end, '(', ')', '\'', BOOLEAN, IDENT, NUMBER, STRING]

    $end     reduce using rule 28 (proc_call)
    '('      reduce using rule 28 (proc_call)
    ')'      reduce using rule 28 (proc_call)
    '\''     reduce using rule 28 (proc_call)
    BOOLEAN  reduce using rule 28 (proc_call)
    IDENT    reduce using rule 28 (proc_call)
    NUMBER   reduce using rule 28 (proc_call)
    STRING   reduce using rule 28 (proc_call)

state 20 // '(' BOOLEAN BOOLEAN [')']

   29 proc_call: '(' expr operands . ')'

    ')'  shift, and goto state 23

state 21 // '(' BOOLEAN BOOLEAN ['(']

   30 operands: expr .  [')']
   31 operands: expr . operands

    '('      shift, and goto state 17
    ')'      reduce using rule 30 (operands)
    '\''     shift, and goto state 12
    BOOLEAN  shift, and goto state 14
    IDENT    shift, and goto state 13
    NUMBER   shift, and goto state 15
    STRING   shift, and goto state 16

    bool             goto state 9
    expr             goto state 21
    identifier       goto state 7
    number           goto state 10
    operands         goto state 22
    proc_call        goto state 8
    quotation        goto state 5
    self_evaluating  goto state 6
    string           goto state 11

state 22 // '(' BOOLEAN BOOLEAN BOOLEAN [')']

   31 operands: expr operands .  [')']

    ')'  reduce using rule 31 (operands)

state 23 // '(' BOOLEAN BOOLEAN ')'

   29 proc_call: '(' expr operands ')' .  [$end, '(', ')', '\'', BOOLEAN, IDENT, NUMBER, STRING]

    $end     reduce using rule 29 (proc_call)
    '('      reduce using rule 29 (proc_call)
    ')'      reduce using rule 29 (proc_call)
    '\''     reduce using rule 29 (proc_call)
    BOOLEAN  reduce using rule 29 (proc_call)
    IDENT    reduce using rule 29 (proc_call)
    NUMBER   reduce using rule 29 (proc_call)
    STRING   reduce using rule 29 (proc_call)

state 24 // '\'' BOOLEAN [$end]

   12 quotation: '\'' datum .  [$end, '(', ')', '\'', BOOLEAN, IDENT, NUMBER, STRING]

    $end     reduce using rule 12 (quotation)
    '('      reduce using rule 12 (quotation)
    ')'      reduce using rule 12 (quotation)
    '\''     reduce using rule 12 (quotation)
    BOOLEAN  reduce using rule 12 (quotation)
    IDENT    reduce using rule 12 (quotation)
    NUMBER   reduce using rule 12 (quotation)
    STRING   reduce using rule 12 (quotation)

state 25 // '\'' BOOLEAN [$end]

   13 datum: simple_datum .  [$end, '(', ')', '.', '\'', BOOLEAN, IDENT, NUMBER, STRING]

    $end     reduce using rule 13 (datum)
    '('      reduce using rule 13 (datum)
    ')'      reduce using rule 13 (datum)
    '.'      reduce using rule 13 (datum)
    '\''     reduce using rule 13 (datum)
    BOOLEAN  reduce using rule 13 (datum)
    IDENT    reduce using rule 13 (datum)
    NUMBER   reduce using rule 13 (datum)
    STRING   reduce using rule 13 (datum)

state 26 // '\'' '(' ')' [$end]

   14 datum: compound_datum .  [$end, '(', ')', '.', '\'', BOOLEAN, IDENT, NUMBER, STRING]

    $end     reduce using rule 14 (datum)
    '('      reduce using rule 14 (datum)
    ')'      reduce using rule 14 (datum)
    '.'      reduce using rule 14 (datum)
    '\''     reduce using rule 14 (datum)
    BOOLEAN  reduce using rule 14 (datum)
    IDENT    reduce using rule 14 (datum)
    NUMBER   reduce using rule 14 (datum)
    STRING   reduce using rule 14 (datum)

state 27 // '\'' BOOLEAN [$end]

   15 simple_datum: bool .  [$end, '(', ')', '.', '\'', BOOLEAN, IDENT, NUMBER, STRING]

    $end     reduce using rule 15 (simple_datum)
    '('      reduce using rule 15 (simple_datum)
    ')'      reduce using rule 15 (simple_datum)
    '.'      reduce using rule 15 (simple_datum)
    '\''     reduce using rule 15 (simple_datum)
    BOOLEAN  reduce using rule 15 (simple_datum)
    IDENT    reduce using rule 15 (simple_datum)
    NUMBER   reduce using rule 15 (simple_datum)
    STRING   reduce using rule 15 (simple_datum)

state 28 // '\'' NUMBER [$end]

   16 simple_datum: number .  [$end, '(', ')', '.', '\'', BOOLEAN, IDENT, NUMBER, STRING]

    $end     reduce using rule 16 (simple_datum)
    '('      reduce using rule 16 (simple_datum)
    ')'      reduce using rule 16 (simple_datum)
    '.'      reduce using rule 16 (simple_datum)
    '\''     reduce using rule 16 (simple_datum)
    BOOLEAN  reduce using rule 16 (simple_datum)
    IDENT    reduce using rule 16 (simple_datum)
    NUMBER   reduce using rule 16 (simple_datum)
    STRING   reduce using rule 16 (simple_datum)

state 29 // '\'' IDENT [$end]

   17 simple_datum: symbol .  [$end, '(', ')', '.', '\'', BOOLEAN, IDENT, NUMBER, STRING]

    $end     reduce using rule 17 (simple_datum)
    '('      reduce using rule 17 (simple_datum)
    ')'      reduce using rule 17 (simple_datum)
    '.'      reduce using rule 17 (simple_datum)
    '\''     reduce using rule 17 (simple_datum)
    BOOLEAN  reduce using rule 17 (simple_datum)
    IDENT    reduce using rule 17 (simple_datum)
    NUMBER   reduce using rule 17 (simple_datum)
    STRING   reduce using rule 17 (simple_datum)

state 30 // '\'' '('

   18 compound_datum: '(' . ')'
   19 compound_datum: '(' . data ')'
   20 compound_datum: '(' . data '.' datum ')'

    '('      shift, and goto state 30
    ')'      shift, and goto state 32
    BOOLEAN  shift, and goto state 14
    IDENT    shift, and goto state 13
    NUMBER   shift, and goto state 15

    bool            goto state 27
    compound_datum  goto state 26
    data            goto state 33
    datum           goto state 34
    identifier      goto state 31
    number          goto state 28
    simple_datum    goto state 25
    symbol          goto state 29

state 31 // '\'' IDENT [$end]

   23 symbol: identifier .  [$end, '(', ')', '.', '\'', BOOLEAN, IDENT, NUMBER, STRING]

    $end     reduce using rule 23 (symbol)
    '('      reduce using rule 23 (symbol)
    ')'      reduce using rule 23 (symbol)
    '.'      reduce using rule 23 (symbol)
    '\''     reduce using rule 23 (symbol)
    BOOLEAN  reduce using rule 23 (symbol)
    IDENT    reduce using rule 23 (symbol)
    NUMBER   reduce using rule 23 (symbol)
    STRING   reduce using rule 23 (symbol)

state 32 // '\'' '(' ')'

   18 compound_datum: '(' ')' .  [$end, '(', ')', '.', '\'', BOOLEAN, IDENT, NUMBER, STRING]

    $end     reduce using rule 18 (compound_datum)
    '('      reduce using rule 18 (compound_datum)
    ')'      reduce using rule 18 (compound_datum)
    '.'      reduce using rule 18 (compound_datum)
    '\''     reduce using rule 18 (compound_datum)
    BOOLEAN  reduce using rule 18 (compound_datum)
    IDENT    reduce using rule 18 (compound_datum)
    NUMBER   reduce using rule 18 (compound_datum)
    STRING   reduce using rule 18 (compound_datum)

state 33 // '\'' '(' BOOLEAN [')']

   19 compound_datum: '(' data . ')'
   20 compound_datum: '(' data . '.' datum ')'

    ')'  shift, and goto state 36
    '.'  shift, and goto state 37

state 34 // '\'' '(' BOOLEAN ['(']

   21 data: datum .  [')', '.']
   22 data: datum . data

    '('      shift, and goto state 30
    ')'      reduce using rule 21 (data)
    '.'      reduce using rule 21 (data)
    BOOLEAN  shift, and goto state 14
    IDENT    shift, and goto state 13
    NUMBER   shift, and goto state 15

    bool            goto state 27
    compound_datum  goto state 26
    data            goto state 35
    datum           goto state 34
    identifier      goto state 31
    number          goto state 28
    simple_datum    goto state 25
    symbol          goto state 29

state 35 // '\'' '(' BOOLEAN BOOLEAN [')']

   22 data: datum data .  [')', '.']

    ')'  reduce using rule 22 (data)
    '.'  reduce using rule 22 (data)

state 36 // '\'' '(' BOOLEAN ')'

   19 compound_datum: '(' data ')' .  [$end, '(', ')', '.', '\'', BOOLEAN, IDENT, NUMBER, STRING]

    $end     reduce using rule 19 (compound_datum)
    '('      reduce using rule 19 (compound_datum)
    ')'      reduce using rule 19 (compound_datum)
    '.'      reduce using rule 19 (compound_datum)
    '\''     reduce using rule 19 (compound_datum)
    BOOLEAN  reduce using rule 19 (compound_datum)
    IDENT    reduce using rule 19 (compound_datum)
    NUMBER   reduce using rule 19 (compound_datum)
    STRING   reduce using rule 19 (compound_datum)

state 37 // '\'' '(' BOOLEAN '.'

   20 compound_datum: '(' data '.' . datum ')'

    '('      shift, and goto state 30
    BOOLEAN  shift, and goto state 14
    IDENT    shift, and goto state 13
    NUMBER   shift, and goto state 15

    bool            goto state 27
    compound_datum  goto state 26
    datum           goto state 38
    identifier      goto state 31
    number          goto state 28
    simple_datum    goto state 25
    symbol          goto state 29

state 38 // '\'' '(' BOOLEAN '.' BOOLEAN [')']

   20 compound_datum: '(' data '.' datum . ')'

    ')'  shift, and goto state 39

state 39 // '\'' '(' BOOLEAN '.' BOOLEAN ')'

   20 compound_datum: '(' data '.' datum ')' .  [$end, '(', ')', '.', '\'', BOOLEAN, IDENT, NUMBER, STRING]

    $end     reduce using rule 20 (compound_datum)
    '('      reduce using rule 20 (compound_datum)
    ')'      reduce using rule 20 (compound_datum)
    '.'      reduce using rule 20 (compound_datum)
    '\''     reduce using rule 20 (compound_datum)
    BOOLEAN  reduce using rule 20 (compound_datum)
    IDENT    reduce using rule 20 (compound_datum)
    NUMBER   reduce using rule 20 (compound_datum)
    STRING   reduce using rule 20 (compound_datum)

state 40 // BOOLEAN BOOLEAN [$end]

    3 commands: command commands .  [$end]

    $end  reduce using rule 3 (commands)

